{
  "stats": {
    "suites": 1,
    "tests": 1,
    "passes": 0,
    "pending": 0,
    "failures": 1,
    "start": "2022-07-26T12:34:29.764Z",
    "end": "2022-07-26T12:34:39.381Z",
    "duration": 9617,
    "testsRegistered": 1,
    "passPercent": 0,
    "pendingPercent": 0,
    "other": 0,
    "hasOther": false,
    "skipped": 0,
    "hasSkipped": false
  },
  "results": [
    {
      "uuid": "779ad82f-c4e6-4f7e-8d74-21910789d947",
      "title": "",
      "fullFile": "cypress\\e2e\\mf purchase\\products-end-to-end\\aludibond.spec.js",
      "file": "cypress\\e2e\\mf purchase\\products-end-to-end\\aludibond.spec.js",
      "beforeHooks": [],
      "afterHooks": [],
      "tests": [],
      "suites": [
        {
          "uuid": "c4779b00-c3d2-45a0-9234-42d897f3c374",
          "title": "Test on mf aludibond",
          "fullFile": "",
          "file": "",
          "beforeHooks": [],
          "afterHooks": [],
          "tests": [
            {
              "title": "Full user purchase journey with a AluDibond Product",
              "fullTitle": "Test on mf aludibond Full user purchase journey with a AluDibond Product",
              "timedOut": null,
              "duration": 6650,
              "state": "failed",
              "speed": null,
              "pass": false,
              "fail": true,
              "pending": false,
              "context": "{\n  \"title\": \"cypress-mochawesome-reporter-screenshots\",\n  \"value\": [\n    [\n      {\n        \"title\": \"Failed screenshot\",\n        \"value\": \"\\\\products-end-to-end\\\\aludibond.spec.js\\\\Test on mf aludibond -- Full user purchase journey with a AluDibond Product (failed).png\"\n      }\n    ]\n  ]\n}",
              "code": "// 1 The user on the aludibond LP page, accepts cokkies and uplaod an image\n_aludibondLP.onAludibondLP.userOnAludibondLPAccreptsThecokkies(); //2 The userUpload an Image\n\n_uploadImage.onUploadImage.userUploadsAnImage(); // 3 The user uploads an image\n\n_configuratorPage.onConfiguratorPage.userClicksOnTheGoTheShoppingcartPage(); // 3 The user on shoppingcaret page, and goes to the LoginCheckout page\n\n_shoppingcartPage.onShoppingcartPage.clickToTheContinueButton(); // 4 The user on  LoginCheckout page and goes to the checkout page\n\n_loginCheckoutPage.onLoginCheckoutPage.clickToTheContinueToCheckoutBtn(); // 5 The user on the Checkout page add his data\n\n_checkoutPage.onCheckoutPage.addUserValidData(); // 6 The user adds credit card data\n\n_paymentMethodPage.onPaymentMethodPage.userAddCreditCardCredentials(); // // 8 The user on the confirmorder page and clicks, on the But Button\n// onCofirmOrderPage.userClicksOnTheBuyButton()",
              "err": {
                "message": "Error: The following error originated from your application code, not from Cypress.\n\n  > Script error.\n\nCypress detected that an uncaught error was thrown from a cross origin script.\n\nWe cannot provide you the stack trace, line number, or file where this error occurred.\n\nCheck your Developer Tools Console for the actual error - it should be printed there.\n\nIt's possible to enable debugging these scripts by adding the `crossorigin` attribute and setting a CORS header.\n\nWhen Cypress detects uncaught errors originating from your application it will automatically fail the current test.\n\nThis behavior is configurable, and you can choose to turn this off by listening to the `uncaught:exception` event.\n\nhttps://on.cypress.io/uncaught-exception-from-application\n\nhttps://on.cypress.io/cross-origin-script-error",
                "estack": "Error: The following error originated from your application code, not from Cypress.\n\n  > Script error.\n\nCypress detected that an uncaught error was thrown from a cross origin script.\n\nWe cannot provide you the stack trace, line number, or file where this error occurred.\n\nCheck your Developer Tools Console for the actual error - it should be printed there.\n\nIt's possible to enable debugging these scripts by adding the `crossorigin` attribute and setting a CORS header.\n\nWhen Cypress detects uncaught errors originating from your application it will automatically fail the current test.\n\nThis behavior is configurable, and you can choose to turn this off by listening to the `uncaught:exception` event.\n\nhttps://on.cypress.io/uncaught-exception-from-application\n\nhttps://on.cypress.io/cross-origin-script-error\n",
                "diff": null
              },
              "uuid": "04b66c63-ba53-4b5c-956e-b0984bef555a",
              "parentUUID": "c4779b00-c3d2-45a0-9234-42d897f3c374",
              "isHook": false,
              "skipped": false
            }
          ],
          "suites": [],
          "passes": [],
          "failures": [
            "04b66c63-ba53-4b5c-956e-b0984bef555a"
          ],
          "pending": [],
          "skipped": [],
          "duration": 6650,
          "root": false,
          "rootEmpty": false,
          "_timeout": 2000
        }
      ],
      "passes": [],
      "failures": [],
      "pending": [],
      "skipped": [],
      "duration": 0,
      "root": true,
      "rootEmpty": true,
      "_timeout": 2000
    }
  ],
  "meta": {
    "mocha": {
      "version": "7.0.1"
    },
    "mochawesome": {
      "options": {
        "quiet": false,
        "reportFilename": "[status]_[datetime]-[name]-report",
        "saveHtml": false,
        "saveJson": true,
        "consoleReporter": "spec",
        "useInlineDiffs": false,
        "code": true
      },
      "version": "7.1.3"
    },
    "marge": {
      "options": {
        "charts": true,
        "overwrite": false,
        "html": false,
        "json": true,
        "reportDir": "cypress/report",
        "reportPageTitle": "Mf automation Report",
        "reportFilename": "[status]_[datetime]-[name]-report",
        "embeddedScreenshots": true,
        "inlineAssets": true
      },
      "version": "6.2.0"
    }
  }
}