{
  "stats": {
    "suites": 1,
    "tests": 1,
    "passes": 0,
    "pending": 0,
    "failures": 1,
    "start": "2022-07-28T09:49:03.030Z",
    "end": "2022-07-28T09:49:38.954Z",
    "duration": 35924,
    "testsRegistered": 1,
    "passPercent": 0,
    "pendingPercent": 0,
    "other": 0,
    "hasOther": false,
    "skipped": 0,
    "hasSkipped": false
  },
  "results": [
    {
      "uuid": "192c0a56-bc47-4c3c-91c1-a26b0d3e20d2",
      "title": "",
      "fullFile": "cypress\\e2e\\mf purchase\\products-end-to-end\\aludibond.spec.js",
      "file": "cypress\\e2e\\mf purchase\\products-end-to-end\\aludibond.spec.js",
      "beforeHooks": [],
      "afterHooks": [],
      "tests": [],
      "suites": [
        {
          "uuid": "6adc0185-6c1c-4eca-a107-97217300c13c",
          "title": "Test on mf aludibond",
          "fullFile": "",
          "file": "",
          "beforeHooks": [],
          "afterHooks": [],
          "tests": [
            {
              "title": "Full user purchase journey with a AluDibond Product",
              "fullTitle": "Test on mf aludibond Full user purchase journey with a AluDibond Product",
              "timedOut": null,
              "duration": 33708,
              "state": "failed",
              "speed": null,
              "pass": false,
              "fail": true,
              "pending": false,
              "context": "{\n  \"title\": \"cypress-mochawesome-reporter-screenshots\",\n  \"value\": [\n    [\n      {\n        \"title\": \"Failed screenshot\",\n        \"value\": \"\\\\products-end-to-end\\\\aludibond.spec.js\\\\Test on mf aludibond -- Full user purchase journey with a AluDibond Product (failed).png\"\n      }\n    ]\n  ]\n}",
              "code": "// 1 The user on the aludibond LP page, accepts cokkies and uplaod an image\n_aludibondLP.onAludibondLP.userOnAludibondLPAccreptsThecokkies(); //2 The userUpload an Image\n\n_uploadImage.onUploadImage.userUploadsAnImage(); // 3 The user uploads an image\n\n_configuratorPage.onConfiguratorPage.userClicksOnTheGoTheShoppingcartPage(); // 3 The user on shoppingcaret page, and goes to the LoginCheckout page\n\n_shoppingcartPage.onShoppingcartPage.clickToTheContinueButton(); // 4 The user on  LoginCheckout page and goes to the checkout page\n\n_loginCheckoutPage.onLoginCheckoutPage.clickToTheContinueToCheckoutBtn(); // 5 The user on the Checkout page add his data\n\n_checkoutPage.onCheckoutPage.addUserValidData(); // 6 The user adds credit card data\n\n_paymentMethodPage.onPaymentMethodPage.userAddCreditCardCredentials(); // // 8 The user on the confirmorder page and clicks, on the But Button\n// onCofirmOrderPage.userClicksOnTheBuyButton()",
              "err": {
                "message": "CypressError: Timed out retrying after 4000ms: `cy.type()` failed because this element:\n\n`<input id=\"cardHolder\" class=\"input -fullbleed -shy\" placeholder=\"Name auf Karte\" onfocus=\"this.placeholder = ''\" onblur=\"this.placeholder = 'Name auf Karte'\">`\n\nis being covered by another element:\n\n`<p class=\"title\">SOFORT ...</p>`\n\nFix this problem, or use {force: true} to disable error checking.\n\nhttps://on.cypress.io/element-cannot-be-interacted-with",
                "estack": "CypressError: Timed out retrying after 4000ms: `cy.type()` failed because this element:\n\n`<input id=\"cardHolder\" class=\"input -fullbleed -shy\" placeholder=\"Name auf Karte\" onfocus=\"this.placeholder = ''\" onblur=\"this.placeholder = 'Name auf Karte'\">`\n\nis being covered by another element:\n\n`<p class=\"title\">SOFORT ...</p>`\n\nFix this problem, or use {force: true} to disable error checking.\n\nhttps://on.cypress.io/element-cannot-be-interacted-with\n    at $Cy.ensureDescendents (https://www.meinfoto.de/__cypress/runner/cypress_runner.js:162300:78)\n    at ensureDescendents (https://www.meinfoto.de/__cypress/runner/cypress_runner.js:147714:8)\n    at ensureDescendentsAndScroll (https://www.meinfoto.de/__cypress/runner/cypress_runner.js:147721:14)\n    at ensureElIsNotCovered (https://www.meinfoto.de/__cypress/runner/cypress_runner.js:147853:5)\n    at runAllChecks (https://www.meinfoto.de/__cypress/runner/cypress_runner.js:148043:52)\n    at retryActionability (https://www.meinfoto.de/__cypress/runner/cypress_runner.js:148067:16)\n    at tryCatcher (https://www.meinfoto.de/__cypress/runner/cypress_runner.js:13012:23)\n    at Promise.attempt.Promise.try (https://www.meinfoto.de/__cypress/runner/cypress_runner.js:10286:29)\n    at whenStable (https://www.meinfoto.de/__cypress/runner/cypress_runner.js:167226:65)\n    at https://www.meinfoto.de/__cypress/runner/cypress_runner.js:166680:14\n    at tryCatcher (https://www.meinfoto.de/__cypress/runner/cypress_runner.js:13012:23)\n    at Promise._settlePromiseFromHandler (https://www.meinfoto.de/__cypress/runner/cypress_runner.js:10947:31)\n    at Promise._settlePromise (https://www.meinfoto.de/__cypress/runner/cypress_runner.js:11004:18)\n    at Promise._settlePromise0 (https://www.meinfoto.de/__cypress/runner/cypress_runner.js:11049:10)\n    at Promise._settlePromises (https://www.meinfoto.de/__cypress/runner/cypress_runner.js:11129:18)\n    at Promise._fulfill (https://www.meinfoto.de/__cypress/runner/cypress_runner.js:11073:18)\n    at https://www.meinfoto.de/__cypress/runner/cypress_runner.js:12687:46\nFrom Your Spec Code:\n    at PaymentMethodPage.userAddCreditCardCredentials (https://www.meinfoto.de/__cypress/tests?p=cypress\\e2e\\mf%20purchase\\products-end-to-end\\aludibond.spec.js:332:51)\n    at Context.eval (https://www.meinfoto.de/__cypress/tests?p=cypress\\e2e\\mf%20purchase\\products-end-to-end\\aludibond.spec.js:144:44)",
                "diff": null
              },
              "uuid": "3e94d632-4340-431c-9969-23b20b05561c",
              "parentUUID": "6adc0185-6c1c-4eca-a107-97217300c13c",
              "isHook": false,
              "skipped": false
            }
          ],
          "suites": [],
          "passes": [],
          "failures": [
            "3e94d632-4340-431c-9969-23b20b05561c"
          ],
          "pending": [],
          "skipped": [],
          "duration": 33708,
          "root": false,
          "rootEmpty": false,
          "_timeout": 2000
        }
      ],
      "passes": [],
      "failures": [],
      "pending": [],
      "skipped": [],
      "duration": 0,
      "root": true,
      "rootEmpty": true,
      "_timeout": 2000
    }
  ],
  "meta": {
    "mocha": {
      "version": "7.0.1"
    },
    "mochawesome": {
      "options": {
        "quiet": false,
        "reportFilename": "[status]_[datetime]-[name]-report",
        "saveHtml": false,
        "saveJson": true,
        "consoleReporter": "spec",
        "useInlineDiffs": false,
        "code": true
      },
      "version": "7.1.3"
    },
    "marge": {
      "options": {
        "charts": true,
        "overwrite": false,
        "html": false,
        "json": true,
        "reportDir": "cypress/report",
        "reportPageTitle": "Mf automation Report",
        "reportFilename": "[status]_[datetime]-[name]-report",
        "embeddedScreenshots": true,
        "inlineAssets": true
      },
      "version": "6.2.0"
    }
  }
}