{
  "stats": {
    "suites": 1,
    "tests": 1,
    "passes": 0,
    "pending": 0,
    "failures": 1,
    "start": "2022-07-26T07:18:55.798Z",
    "end": "2022-07-26T07:19:10.926Z",
    "duration": 15128,
    "testsRegistered": 1,
    "passPercent": 0,
    "pendingPercent": 0,
    "other": 0,
    "hasOther": false,
    "skipped": 0,
    "hasSkipped": false
  },
  "results": [
    {
      "uuid": "2b699694-1e1f-4915-bc2a-841540e7d5b7",
      "title": "",
      "fullFile": "cypress\\e2e\\mf purchase\\products-end-to-end\\aludibond.spec.js",
      "file": "cypress\\e2e\\mf purchase\\products-end-to-end\\aludibond.spec.js",
      "beforeHooks": [],
      "afterHooks": [],
      "tests": [],
      "suites": [
        {
          "uuid": "44424c7a-b8ae-4612-8626-60babc6a2501",
          "title": "Test on mf aludibond",
          "fullFile": "",
          "file": "",
          "beforeHooks": [],
          "afterHooks": [],
          "tests": [
            {
              "title": "Full user purchase journey with a AluDibond Product",
              "fullTitle": "Test on mf aludibond Full user purchase journey with a AluDibond Product",
              "timedOut": null,
              "duration": 11710,
              "state": "failed",
              "speed": null,
              "pass": false,
              "fail": true,
              "pending": false,
              "context": "{\n  \"title\": \"cypress-mochawesome-reporter-screenshots\",\n  \"value\": [\n    [\n      {\n        \"title\": \"Failed screenshot\",\n        \"value\": \"\\\\products-end-to-end\\\\aludibond.spec.js\\\\Test on mf aludibond -- Full user purchase journey with a AluDibond Product (failed).png\"\n      }\n    ]\n  ]\n}",
              "code": "// 1 The user on the aludibond LP page, accepts cokkies and uplaod an image\n_aludibondLP.onAludibondLP.userOnAludibondLPAccreptsThecokkies(); //2 The userUpload an Image\n\n_uploadImage.onUploadImage.userUploadsAnImage(); // 3 The user uploads an image\n\n_configuratorPage.onConfiguratorPage.userClicksOnTheGoTheShoppingcartPage(); // 3 The user on shoppingcaret page, and goes to the LoginCheckout page\n\n_shoppingcartPage.onShoppingcartPage.clickToTheContinueButton(); // 4 The user on  LoginCheckout page and goes to the checkout page\n\n_loginCheckoutPage.onLoginCheckoutPage.clickToTheContinueToCheckoutBtn(); // 5 The user on the Checkout page add his data\n\n_checkoutPage.onCheckoutPage.addUserValidData(); // 6 The user adds credit card data\n\n_paymentMethodPage.onPaymentMethodPage.userAddCreditCardCredentials(); // // 8 The user on the confirmorder page and clicks, on the But Button\n// onCofirmOrderPage.userClicksOnTheBuyButton()",
              "err": {
                "message": "AssertionError: Timed out retrying after 4000ms: Expected to find element: `span.cf1y60`, but never found it.",
                "estack": "AssertionError: Timed out retrying after 4000ms: Expected to find element: `span.cf1y60`, but never found it.\n    at AludibondLP.userOnAludibondLPAccreptsThecokkies (https://www.meinfoto.de/__cypress/tests?p=cypress\\e2e\\mf%20purchase\\products-end-to-end\\aludibond.spec.js:172:8)\n    at Context.eval (https://www.meinfoto.de/__cypress/tests?p=cypress\\e2e\\mf%20purchase\\products-end-to-end\\aludibond.spec.js:126:32)",
                "diff": null
              },
              "uuid": "cc7e489a-c407-4aef-833c-35dbd91865a6",
              "parentUUID": "44424c7a-b8ae-4612-8626-60babc6a2501",
              "isHook": false,
              "skipped": false
            }
          ],
          "suites": [],
          "passes": [],
          "failures": [
            "cc7e489a-c407-4aef-833c-35dbd91865a6"
          ],
          "pending": [],
          "skipped": [],
          "duration": 11710,
          "root": false,
          "rootEmpty": false,
          "_timeout": 2000
        }
      ],
      "passes": [],
      "failures": [],
      "pending": [],
      "skipped": [],
      "duration": 0,
      "root": true,
      "rootEmpty": true,
      "_timeout": 2000
    }
  ],
  "meta": {
    "mocha": {
      "version": "7.0.1"
    },
    "mochawesome": {
      "options": {
        "quiet": false,
        "reportFilename": "[status]_[datetime]-[name]-report",
        "saveHtml": false,
        "saveJson": true,
        "consoleReporter": "spec",
        "useInlineDiffs": false,
        "code": true
      },
      "version": "7.1.3"
    },
    "marge": {
      "options": {
        "charts": true,
        "overwrite": false,
        "html": false,
        "json": true,
        "reportDir": "cypress/report",
        "reportPageTitle": "Mf automation Report",
        "reportFilename": "[status]_[datetime]-[name]-report"
      },
      "version": "6.2.0"
    }
  }
}