{
  "stats": {
    "suites": 1,
    "tests": 1,
    "passes": 0,
    "pending": 0,
    "failures": 1,
    "start": "2022-10-03T07:45:44.771Z",
    "end": "2022-10-03T07:48:33.522Z",
    "duration": 168751,
    "testsRegistered": 1,
    "passPercent": 0,
    "pendingPercent": 0,
    "other": 0,
    "hasOther": false,
    "skipped": 0,
    "hasSkipped": false
  },
  "results": [
    {
      "uuid": "82be5223-2abc-4546-8b92-6193f332fac7",
      "title": "",
      "fullFile": "cypress\\e2e\\mf_purchase\\products-end-to-end\\mixpix.spec.js",
      "file": "cypress\\e2e\\mf_purchase\\products-end-to-end\\mixpix.spec.js",
      "beforeHooks": [],
      "afterHooks": [],
      "tests": [],
      "suites": [
        {
          "uuid": "f72cfa93-4ab1-496c-b3f5-16828b0c2211",
          "title": "Test on mf mixpix",
          "fullFile": "",
          "file": "",
          "beforeHooks": [],
          "afterHooks": [],
          "tests": [
            {
              "title": "Full user purchase journey with a MixPix Product",
              "fullTitle": "Test on mf mixpix Full user purchase journey with a MixPix Product",
              "timedOut": null,
              "duration": 163175,
              "state": "failed",
              "speed": null,
              "pass": false,
              "fail": true,
              "pending": false,
              "context": "{\n  \"title\": \"cypress-mochawesome-reporter-screenshots\",\n  \"value\": [\n    [\n      {\n        \"title\": \"Failed screenshot\",\n        \"value\": \"\\\\products-end-to-end\\\\mixpix.spec.js\\\\Test on mf mixpix -- Full user purchase journey with a MixPix Product (failed).png\"\n      }\n    ]\n  ]\n}",
              "code": "// cy.viewport(320, 480)\n// cy.viewport('iphone-x')\n//1 The user on the mixPix LP page, accepts cookies and uploads an image\n_mixpixLP.onMixpixLP.userOnMixpixLPAcceptsTheCokkies(); //2 The userUpload an Image\n\n_uploadImage.onUploadImage.userUploadsAnImage(); //3\n\n_configuratorPage.onConfiguratorPage.userOnMultiuploadConfiguratorAndClicksGoTheShoppingcartPage(); // 4 The user on shoppingcaret page, and goes to the LoginCheckout page\n\n_shoppingcartPage.onShoppingcartPage.clickToTheContinueButton(); // 5 The user on  LoginCheckout page and goes to the checkout page\n\n_loginCheckoutPage.onLoginCheckoutPage.clickToTheContinueToCheckoutBtn(); // 6 The user on the Checkout page add his data\n\n_checkoutPage.onCheckoutPage.addUserValidData(); // 7 The user adds credit card data\n\n_paymentMethodPage.onPaymentMethodPage.userAddCreditCardCredentials(); // 8 The user on the confirmorder page and clicks, on the But Button\n\n_confirmOrderPage.onCofirmOrderPage.userClicksOnTheBuyButton();",
              "err": {
                "message": "TypeError: The following error originated from your application code, not from Cypress.\n\n  > Cannot read properties of null (reading 'addEventListener')\n\nWhen Cypress detects uncaught errors originating from your application it will automatically fail the current test.\n\nThis behavior is configurable, and you can choose to turn this off by listening to the `uncaught:exception` event.\n\nhttps://on.cypress.io/uncaught-exception-from-application",
                "estack": "TypeError: The following error originated from your application code, not from Cypress.\n\n  > Cannot read properties of null (reading 'addEventListener')\n\nWhen Cypress detects uncaught errors originating from your application it will automatically fail the current test.\n\nThis behavior is configurable, and you can choose to turn this off by listening to the `uncaught:exception` event.\n\nhttps://on.cypress.io/uncaught-exception-from-application\n    at https://www.meinfoto.de/static/build/js/ux-checkout-success-story-3fc-598c527026.min.js:1:17956",
                "diff": null
              },
              "uuid": "94e48225-d73a-43a0-9765-df920775a91b",
              "parentUUID": "f72cfa93-4ab1-496c-b3f5-16828b0c2211",
              "isHook": false,
              "skipped": false
            }
          ],
          "suites": [],
          "passes": [],
          "failures": [
            "94e48225-d73a-43a0-9765-df920775a91b"
          ],
          "pending": [],
          "skipped": [],
          "duration": 163175,
          "root": false,
          "rootEmpty": false,
          "_timeout": 2000
        }
      ],
      "passes": [],
      "failures": [],
      "pending": [],
      "skipped": [],
      "duration": 0,
      "root": true,
      "rootEmpty": true,
      "_timeout": 2000
    }
  ],
  "meta": {
    "mocha": {
      "version": "7.0.1"
    },
    "mochawesome": {
      "options": {
        "quiet": false,
        "reportFilename": "[status]_[datetime]-[name]-report",
        "saveHtml": false,
        "saveJson": true,
        "consoleReporter": "spec",
        "useInlineDiffs": false,
        "code": true
      },
      "version": "7.1.3"
    },
    "marge": {
      "options": {
        "charts": true,
        "overwrite": false,
        "html": false,
        "json": true,
        "reportDir": "cypress/report",
        "reportPageTitle": "Mf automation Report",
        "reportFilename": "[status]_[datetime]-[name]-report",
        "embeddedScreenshots": true,
        "inlineAssets": true
      },
      "version": "6.2.0"
    }
  }
}