{
  "stats": {
    "suites": 1,
    "tests": 1,
    "passes": 1,
    "pending": 0,
    "failures": 0,
    "start": "2022-08-03T12:40:32.397Z",
    "end": "2022-08-03T12:40:45.669Z",
    "duration": 13272,
    "testsRegistered": 1,
    "passPercent": 100,
    "pendingPercent": 0,
    "other": 0,
    "hasOther": false,
    "skipped": 0,
    "hasSkipped": false
  },
  "results": [
    {
      "uuid": "87771aab-a68e-45a1-a34f-2d9cfde65343",
      "title": "",
      "fullFile": "cypress\\e2e\\mf purchase\\canvasLP.spec.js",
      "file": "cypress\\e2e\\mf purchase\\canvasLP.spec.js",
      "beforeHooks": [],
      "afterHooks": [],
      "tests": [],
      "suites": [
        {
          "uuid": "f7bbb11e-2884-4d58-8e30-5c02e44e1c71",
          "title": "Test on Canvas LP page",
          "fullFile": "",
          "file": "",
          "beforeHooks": [],
          "afterHooks": [],
          "tests": [
            {
              "title": "The user on the canvas LP page, accepts cookies",
              "fullTitle": "Test on Canvas LP page The user on the canvas LP page, accepts cookies",
              "timedOut": null,
              "duration": 10179,
              "state": "passed",
              "speed": "slow",
              "pass": true,
              "fail": false,
              "pending": false,
              "context": null,
              "code": "// 1 The user on the canvas LP page, accepts cokkies\ncy.visit('https://www.meinfoto.de/foto-in-gross/foto-auf-leinwand.jsf');\ncy.wait(500);\ncy.xpath(\"//span[contains(text(),'Alle akzeptieren')]\").click();\ncy.wait(500);",
              "err": {},
              "uuid": "4ba8eba5-2fba-4c6d-af86-1249dbb6d90e",
              "parentUUID": "f7bbb11e-2884-4d58-8e30-5c02e44e1c71",
              "isHook": false,
              "skipped": false
            }
          ],
          "suites": [],
          "passes": [
            "4ba8eba5-2fba-4c6d-af86-1249dbb6d90e"
          ],
          "failures": [],
          "pending": [],
          "skipped": [],
          "duration": 10179,
          "root": false,
          "rootEmpty": false,
          "_timeout": 2000
        }
      ],
      "passes": [],
      "failures": [],
      "pending": [],
      "skipped": [],
      "duration": 0,
      "root": true,
      "rootEmpty": true,
      "_timeout": 2000
    }
  ],
  "meta": {
    "mocha": {
      "version": "7.0.1"
    },
    "mochawesome": {
      "options": {
        "quiet": false,
        "reportFilename": "[status]_[datetime]-[name]-report",
        "saveHtml": false,
        "saveJson": true,
        "consoleReporter": "spec",
        "useInlineDiffs": false,
        "code": true
      },
      "version": "7.1.3"
    },
    "marge": {
      "options": {
        "charts": true,
        "overwrite": false,
        "html": false,
        "json": true,
        "reportDir": "cypress/report",
        "reportPageTitle": "Mf automation Report",
        "reportFilename": "[status]_[datetime]-[name]-report",
        "embeddedScreenshots": true,
        "inlineAssets": true
      },
      "version": "6.2.0"
    }
  }
}