{
  "stats": {
    "suites": 1,
    "tests": 1,
    "passes": 1,
    "pending": 0,
    "failures": 0,
    "start": "2022-08-24T12:44:35.935Z",
    "end": "2022-08-24T12:44:48.969Z",
    "duration": 13034,
    "testsRegistered": 1,
    "passPercent": 100,
    "pendingPercent": 0,
    "other": 0,
    "hasOther": false,
    "skipped": 0,
    "hasSkipped": false
  },
  "results": [
    {
      "uuid": "4b364cf6-dc58-409a-b110-8281bed7ac4b",
      "title": "",
      "fullFile": "cypress\\e2e\\mf purchase\\canvasLP.spec.js",
      "file": "cypress\\e2e\\mf purchase\\canvasLP.spec.js",
      "beforeHooks": [],
      "afterHooks": [],
      "tests": [],
      "suites": [
        {
          "uuid": "8318e8e2-8562-40c1-9c6f-2597735fdc36",
          "title": "Test on Canvas LP page",
          "fullFile": "",
          "file": "",
          "beforeHooks": [],
          "afterHooks": [],
          "tests": [
            {
              "title": "The user on the canvas LP page, accepts cookies",
              "fullTitle": "Test on Canvas LP page The user on the canvas LP page, accepts cookies",
              "timedOut": null,
              "duration": 10425,
              "state": "passed",
              "speed": "slow",
              "pass": true,
              "fail": false,
              "pending": false,
              "context": null,
              "code": "// 1 The user on the canvas LP page, accepts cokkies\ncy.visit('https://www.meinfoto.de/foto-in-gross/foto-auf-leinwand.jsf');\ncy.wait(500);\ncy.xpath(\"//span[contains(text(),'Alle akzeptieren')]\").click();\ncy.wait(500);",
              "err": {},
              "uuid": "a9b1747f-7c4e-4eef-b178-80eb2609c4e5",
              "parentUUID": "8318e8e2-8562-40c1-9c6f-2597735fdc36",
              "isHook": false,
              "skipped": false
            }
          ],
          "suites": [],
          "passes": [
            "a9b1747f-7c4e-4eef-b178-80eb2609c4e5"
          ],
          "failures": [],
          "pending": [],
          "skipped": [],
          "duration": 10425,
          "root": false,
          "rootEmpty": false,
          "_timeout": 2000
        }
      ],
      "passes": [],
      "failures": [],
      "pending": [],
      "skipped": [],
      "duration": 0,
      "root": true,
      "rootEmpty": true,
      "_timeout": 2000
    }
  ],
  "meta": {
    "mocha": {
      "version": "7.0.1"
    },
    "mochawesome": {
      "options": {
        "quiet": false,
        "reportFilename": "[status]_[datetime]-[name]-report",
        "saveHtml": false,
        "saveJson": true,
        "consoleReporter": "spec",
        "useInlineDiffs": false,
        "code": true
      },
      "version": "7.1.3"
    },
    "marge": {
      "options": {
        "charts": true,
        "overwrite": false,
        "html": false,
        "json": true,
        "reportDir": "cypress/report",
        "reportPageTitle": "Mf automation Report",
        "reportFilename": "[status]_[datetime]-[name]-report",
        "embeddedScreenshots": true,
        "inlineAssets": true
      },
      "version": "6.2.0"
    }
  }
}