{
  "stats": {
    "suites": 1,
    "tests": 1,
    "passes": 1,
    "pending": 0,
    "failures": 0,
    "start": "2022-08-18T11:16:31.349Z",
    "end": "2022-08-18T11:16:42.336Z",
    "duration": 10987,
    "testsRegistered": 1,
    "passPercent": 100,
    "pendingPercent": 0,
    "other": 0,
    "hasOther": false,
    "skipped": 0,
    "hasSkipped": false
  },
  "results": [
    {
      "uuid": "c778236c-0287-4d07-bdf8-66c560674325",
      "title": "",
      "fullFile": "cypress\\e2e\\mf purchase\\canvasLP.spec.js",
      "file": "cypress\\e2e\\mf purchase\\canvasLP.spec.js",
      "beforeHooks": [],
      "afterHooks": [],
      "tests": [],
      "suites": [
        {
          "uuid": "65daada1-8156-4c2d-829e-404650d6b40a",
          "title": "Test on Canvas LP page",
          "fullFile": "",
          "file": "",
          "beforeHooks": [],
          "afterHooks": [],
          "tests": [
            {
              "title": "The user on the canvas LP page, accepts cookies",
              "fullTitle": "Test on Canvas LP page The user on the canvas LP page, accepts cookies",
              "timedOut": null,
              "duration": 8835,
              "state": "passed",
              "speed": "medium",
              "pass": true,
              "fail": false,
              "pending": false,
              "context": null,
              "code": "// 1 The user on the canvas LP page, accepts cokkies\ncy.visit('https://www.meinfoto.de/foto-in-gross/foto-auf-leinwand.jsf');\ncy.wait(500);\ncy.xpath(\"//span[contains(text(),'Alle akzeptieren')]\").click();\ncy.wait(500);",
              "err": {},
              "uuid": "4016ce63-f358-47ff-9c17-7f8be04261af",
              "parentUUID": "65daada1-8156-4c2d-829e-404650d6b40a",
              "isHook": false,
              "skipped": false
            }
          ],
          "suites": [],
          "passes": [
            "4016ce63-f358-47ff-9c17-7f8be04261af"
          ],
          "failures": [],
          "pending": [],
          "skipped": [],
          "duration": 8835,
          "root": false,
          "rootEmpty": false,
          "_timeout": 2000
        }
      ],
      "passes": [],
      "failures": [],
      "pending": [],
      "skipped": [],
      "duration": 0,
      "root": true,
      "rootEmpty": true,
      "_timeout": 2000
    }
  ],
  "meta": {
    "mocha": {
      "version": "7.0.1"
    },
    "mochawesome": {
      "options": {
        "quiet": false,
        "reportFilename": "[status]_[datetime]-[name]-report",
        "saveHtml": false,
        "saveJson": true,
        "consoleReporter": "spec",
        "useInlineDiffs": false,
        "code": true
      },
      "version": "7.1.3"
    },
    "marge": {
      "options": {
        "charts": true,
        "overwrite": false,
        "html": false,
        "json": true,
        "reportDir": "cypress/report",
        "reportPageTitle": "Mf automation Report",
        "reportFilename": "[status]_[datetime]-[name]-report",
        "embeddedScreenshots": true,
        "inlineAssets": true
      },
      "version": "6.2.0"
    }
  }
}