{
  "stats": {
    "suites": 1,
    "tests": 1,
    "passes": 1,
    "pending": 0,
    "failures": 0,
    "start": "2022-07-21T08:32:57.981Z",
    "end": "2022-07-21T08:33:11.807Z",
    "duration": 13826,
    "testsRegistered": 1,
    "passPercent": 100,
    "pendingPercent": 0,
    "other": 0,
    "hasOther": false,
    "skipped": 0,
    "hasSkipped": false
  },
  "results": [
    {
      "uuid": "d98e06c3-dd63-4d85-8d21-6c4100e1af23",
      "title": "",
      "fullFile": "cypress\\e2e\\mf purchase\\canvasLP.spec.js",
      "file": "cypress\\e2e\\mf purchase\\canvasLP.spec.js",
      "beforeHooks": [],
      "afterHooks": [],
      "tests": [],
      "suites": [
        {
          "uuid": "fd20a9ed-1d26-4124-9ac8-0aede34a03c8",
          "title": "Test on Canvas LP page",
          "fullFile": "",
          "file": "",
          "beforeHooks": [],
          "afterHooks": [],
          "tests": [
            {
              "title": "The user on the canvas LP page, accepts cookies",
              "fullTitle": "Test on Canvas LP page The user on the canvas LP page, accepts cookies",
              "timedOut": null,
              "duration": 10550,
              "state": "passed",
              "speed": "slow",
              "pass": true,
              "fail": false,
              "pending": false,
              "context": null,
              "code": "// 1 The user on the canvas LP page, accepts cokkies\ncy.visit('https://www.meinfoto.de/foto-in-gross/foto-auf-leinwand.jsf');\ncy.wait(500);\ncy.xpath(\"//span[contains(text(),'Alle akzeptieren')]\").click();\ncy.wait(500);",
              "err": {},
              "uuid": "21e1b1b8-aac1-4350-8c9c-5674e807b047",
              "parentUUID": "fd20a9ed-1d26-4124-9ac8-0aede34a03c8",
              "isHook": false,
              "skipped": false
            }
          ],
          "suites": [],
          "passes": [
            "21e1b1b8-aac1-4350-8c9c-5674e807b047"
          ],
          "failures": [],
          "pending": [],
          "skipped": [],
          "duration": 10550,
          "root": false,
          "rootEmpty": false,
          "_timeout": 2000
        }
      ],
      "passes": [],
      "failures": [],
      "pending": [],
      "skipped": [],
      "duration": 0,
      "root": true,
      "rootEmpty": true,
      "_timeout": 2000
    }
  ],
  "meta": {
    "mocha": {
      "version": "7.0.1"
    },
    "mochawesome": {
      "options": {
        "quiet": false,
        "reportFilename": "[status]_[datetime]-[name]-report",
        "saveHtml": false,
        "saveJson": true,
        "consoleReporter": "spec",
        "useInlineDiffs": false,
        "code": true
      },
      "version": "7.1.3"
    },
    "marge": {
      "options": {
        "charts": true,
        "overwrite": false,
        "html": false,
        "json": true,
        "reportDir": "cypress/report",
        "reportPageTitle": "Mf automation Report",
        "reportFilename": "[status]_[datetime]-[name]-report"
      },
      "version": "6.2.0"
    }
  }
}