{
  "stats": {
    "suites": 1,
    "tests": 1,
    "passes": 1,
    "pending": 0,
    "failures": 0,
    "start": "2022-10-03T07:49:30.614Z",
    "end": "2022-10-03T07:49:47.274Z",
    "duration": 16660,
    "testsRegistered": 1,
    "passPercent": 100,
    "pendingPercent": 0,
    "other": 0,
    "hasOther": false,
    "skipped": 0,
    "hasSkipped": false
  },
  "results": [
    {
      "uuid": "d06a0cfb-f45b-489f-81b2-172594c5a341",
      "title": "",
      "fullFile": "cypress\\e2e\\mf_purchase\\products-end-to-end\\point.js",
      "file": "cypress\\e2e\\mf_purchase\\products-end-to-end\\point.js",
      "beforeHooks": [],
      "afterHooks": [],
      "tests": [],
      "suites": [
        {
          "uuid": "f57926e6-d6be-4135-b849-b64200d2533b",
          "title": "Point Md",
          "fullFile": "",
          "file": "",
          "beforeHooks": [],
          "afterHooks": [],
          "tests": [
            {
              "title": "The user on the canvas LP page, accepts cookies",
              "fullTitle": "Point Md The user on the canvas LP page, accepts cookies",
              "timedOut": null,
              "duration": 11367,
              "state": "passed",
              "speed": "slow",
              "pass": true,
              "fail": false,
              "pending": false,
              "context": null,
              "code": "// 1 The user on the canvas LP page, accepts cokkies\ncy.visit('https://point.md/ru/');\ncy.get('.zvvotu-6.cEwXxo').invoke('text').then(text => {\n  cy.writeFile('path/to/data.json', {\n    text\n  });\n}); // cy.writeFile('path/to/data.json',{title})\n// cy.readFile('path/to/data.json').then((testOrder) => {\n//     expect(testOrder.title).to.equal('MFA19907009377')\n// })",
              "err": {},
              "uuid": "009f87d8-d056-4ebe-8ff2-4aed09bf9b79",
              "parentUUID": "f57926e6-d6be-4135-b849-b64200d2533b",
              "isHook": false,
              "skipped": false
            }
          ],
          "suites": [],
          "passes": [
            "009f87d8-d056-4ebe-8ff2-4aed09bf9b79"
          ],
          "failures": [],
          "pending": [],
          "skipped": [],
          "duration": 11367,
          "root": false,
          "rootEmpty": false,
          "_timeout": 2000
        }
      ],
      "passes": [],
      "failures": [],
      "pending": [],
      "skipped": [],
      "duration": 0,
      "root": true,
      "rootEmpty": true,
      "_timeout": 2000
    }
  ],
  "meta": {
    "mocha": {
      "version": "7.0.1"
    },
    "mochawesome": {
      "options": {
        "quiet": false,
        "reportFilename": "[status]_[datetime]-[name]-report",
        "saveHtml": false,
        "saveJson": true,
        "consoleReporter": "spec",
        "useInlineDiffs": false,
        "code": true
      },
      "version": "7.1.3"
    },
    "marge": {
      "options": {
        "charts": true,
        "overwrite": false,
        "html": false,
        "json": true,
        "reportDir": "cypress/report",
        "reportPageTitle": "Mf automation Report",
        "reportFilename": "[status]_[datetime]-[name]-report",
        "embeddedScreenshots": true,
        "inlineAssets": true
      },
      "version": "6.2.0"
    }
  }
}