{
  "stats": {
    "suites": 1,
    "tests": 1,
    "passes": 1,
    "pending": 0,
    "failures": 0,
    "start": "2022-10-03T07:40:43.648Z",
    "end": "2022-10-03T07:40:53.852Z",
    "duration": 10204,
    "testsRegistered": 1,
    "passPercent": 100,
    "pendingPercent": 0,
    "other": 0,
    "hasOther": false,
    "skipped": 0,
    "hasSkipped": false
  },
  "results": [
    {
      "uuid": "c4001a46-041b-4f70-b7a1-ab2f2ac072d8",
      "title": "",
      "fullFile": "cypress\\e2e\\mf_purchase\\canvasLP.spec.js",
      "file": "cypress\\e2e\\mf_purchase\\canvasLP.spec.js",
      "beforeHooks": [],
      "afterHooks": [],
      "tests": [],
      "suites": [
        {
          "uuid": "abf3b955-8ddf-4333-876b-6945f8babbab",
          "title": "Test on Canvas LP page",
          "fullFile": "",
          "file": "",
          "beforeHooks": [],
          "afterHooks": [],
          "tests": [
            {
              "title": "The user on the canvas LP page, accepts cookies",
              "fullTitle": "Test on Canvas LP page The user on the canvas LP page, accepts cookies",
              "timedOut": null,
              "duration": 8282,
              "state": "passed",
              "speed": "medium",
              "pass": true,
              "fail": false,
              "pending": false,
              "context": null,
              "code": "// 1 The user on the canvas LP page, accepts cokkies\ncy.visit('https://www.meinfoto.de/foto-in-gross/foto-auf-leinwand.jsf');\ncy.wait(500);\ncy.xpath(\"//span[contains(text(),'Alle akzeptieren')]\").click();\ncy.wait(500);",
              "err": {},
              "uuid": "eea3c7f1-2585-4838-9075-ec22bf567e96",
              "parentUUID": "abf3b955-8ddf-4333-876b-6945f8babbab",
              "isHook": false,
              "skipped": false
            }
          ],
          "suites": [],
          "passes": [
            "eea3c7f1-2585-4838-9075-ec22bf567e96"
          ],
          "failures": [],
          "pending": [],
          "skipped": [],
          "duration": 8282,
          "root": false,
          "rootEmpty": false,
          "_timeout": 2000
        }
      ],
      "passes": [],
      "failures": [],
      "pending": [],
      "skipped": [],
      "duration": 0,
      "root": true,
      "rootEmpty": true,
      "_timeout": 2000
    }
  ],
  "meta": {
    "mocha": {
      "version": "7.0.1"
    },
    "mochawesome": {
      "options": {
        "quiet": false,
        "reportFilename": "[status]_[datetime]-[name]-report",
        "saveHtml": false,
        "saveJson": true,
        "consoleReporter": "spec",
        "useInlineDiffs": false,
        "code": true
      },
      "version": "7.1.3"
    },
    "marge": {
      "options": {
        "charts": true,
        "overwrite": false,
        "html": false,
        "json": true,
        "reportDir": "cypress/report",
        "reportPageTitle": "Mf automation Report",
        "reportFilename": "[status]_[datetime]-[name]-report",
        "embeddedScreenshots": true,
        "inlineAssets": true
      },
      "version": "6.2.0"
    }
  }
}