{
  "stats": {
    "suites": 1,
    "tests": 1,
    "passes": 1,
    "pending": 0,
    "failures": 0,
    "start": "2022-07-26T07:19:17.552Z",
    "end": "2022-07-26T07:20:30.992Z",
    "duration": 73440,
    "testsRegistered": 1,
    "passPercent": 100,
    "pendingPercent": 0,
    "other": 0,
    "hasOther": false,
    "skipped": 0,
    "hasSkipped": false
  },
  "results": [
    {
      "uuid": "3925bb12-2aa1-4a08-b273-29ed72420993",
      "title": "",
      "fullFile": "cypress\\e2e\\mf purchase\\products-end-to-end\\canvas.spec.js",
      "file": "cypress\\e2e\\mf purchase\\products-end-to-end\\canvas.spec.js",
      "beforeHooks": [],
      "afterHooks": [],
      "tests": [],
      "suites": [
        {
          "uuid": "1e39a3b0-f363-492e-a7bb-8674b36fcc94",
          "title": "Test on mf canvas",
          "fullFile": "",
          "file": "",
          "beforeHooks": [],
          "afterHooks": [],
          "tests": [
            {
              "title": "Full user purchase journey with a Canvas Product",
              "fullTitle": "Test on mf canvas Full user purchase journey with a Canvas Product",
              "timedOut": null,
              "duration": 70111,
              "state": "passed",
              "speed": "slow",
              "pass": true,
              "fail": false,
              "pending": false,
              "context": null,
              "code": "context(\"1 step\", () => {\n  // 1 The user on the canvas LP page, accepts cokkies and uplaod an image\n  _canvasLP.onCanvasLp.userOnCanvasLPAccreptsThecokkies(); //2 The userUpload an Image\n\n  _uploadImage.onUploadImage.userUploadsAnImage();\n}); // 3 The user uploads an image\n_configuratorPage.onConfiguratorPage.userClicksOnTheGoTheShoppingcartPage(); // 3 The user on shoppingcaret page, and goes to the LoginCheckout page\n\n_shoppingcartPage.onShoppingcartPage.clickToTheContinueButton(); // 4 The user on  LoginCheckout page and goes to the checkout page\n\n_loginCheckoutPage.onLoginCheckoutPage.clickToTheContinueToCheckoutBtn(); // 5 The user on the Checkout page add his data\n\n_checkoutPage.onCheckoutPage.addUserValidData(); // 6 The user adds credit card data\n\n_paymentMethodPage.onPaymentMethodPage.userAddCreditCardCredentials(); // // 8 The user on the confirmorder page and clicks, on the But Button\n// onCofirmOrderPage.userClicksOnTheBuyButton()",
              "err": {},
              "uuid": "96c69a57-ed52-4bc2-aa67-2a12b3391fb9",
              "parentUUID": "1e39a3b0-f363-492e-a7bb-8674b36fcc94",
              "isHook": false,
              "skipped": false
            }
          ],
          "suites": [],
          "passes": [
            "96c69a57-ed52-4bc2-aa67-2a12b3391fb9"
          ],
          "failures": [],
          "pending": [],
          "skipped": [],
          "duration": 70111,
          "root": false,
          "rootEmpty": false,
          "_timeout": 2000
        }
      ],
      "passes": [],
      "failures": [],
      "pending": [],
      "skipped": [],
      "duration": 0,
      "root": true,
      "rootEmpty": true,
      "_timeout": 2000
    }
  ],
  "meta": {
    "mocha": {
      "version": "7.0.1"
    },
    "mochawesome": {
      "options": {
        "quiet": false,
        "reportFilename": "[status]_[datetime]-[name]-report",
        "saveHtml": false,
        "saveJson": true,
        "consoleReporter": "spec",
        "useInlineDiffs": false,
        "code": true
      },
      "version": "7.1.3"
    },
    "marge": {
      "options": {
        "charts": true,
        "overwrite": false,
        "html": false,
        "json": true,
        "reportDir": "cypress/report",
        "reportPageTitle": "Mf automation Report",
        "reportFilename": "[status]_[datetime]-[name]-report"
      },
      "version": "6.2.0"
    }
  }
}