{
  "stats": {
    "suites": 1,
    "tests": 1,
    "passes": 1,
    "pending": 0,
    "failures": 0,
    "start": "2022-07-22T14:27:44.238Z",
    "end": "2022-07-22T14:28:46.653Z",
    "duration": 62415,
    "testsRegistered": 1,
    "passPercent": 100,
    "pendingPercent": 0,
    "other": 0,
    "hasOther": false,
    "skipped": 0,
    "hasSkipped": false
  },
  "results": [
    {
      "uuid": "d994955a-805a-4cf4-8b66-2f5aa1ddfd44",
      "title": "",
      "fullFile": "cypress\\e2e\\mf purchase\\products-end-to-end\\aludibond.spec.js",
      "file": "cypress\\e2e\\mf purchase\\products-end-to-end\\aludibond.spec.js",
      "beforeHooks": [],
      "afterHooks": [],
      "tests": [],
      "suites": [
        {
          "uuid": "8784b9e7-cc90-4ed9-bb9c-aea33a14e98b",
          "title": "Test on mf aludibond",
          "fullFile": "",
          "file": "",
          "beforeHooks": [],
          "afterHooks": [],
          "tests": [
            {
              "title": "Full user purchase journey with a AluDibond Product",
              "fullTitle": "Test on mf aludibond Full user purchase journey with a AluDibond Product",
              "timedOut": null,
              "duration": 59551,
              "state": "passed",
              "speed": "slow",
              "pass": true,
              "fail": false,
              "pending": false,
              "context": null,
              "code": "// 1 The user on the aludibond LP page, accepts cokkies and uplaod an image\n_aludibondLP.onAludibondLP.userOnAludibondLPAccreptsThecokkies(); //2 The userUpload an Image\n\n_uploadImage.onUploadImage.userUploadsAnImage(); // 3 The user uploads an image\n\n_configuratorPage.onConfiguratorPage.userClicksOnTheGoTheShoppingcartPage(); // 3 The user on shoppingcaret page, and goes to the LoginCheckout page\n\n_shoppingcartPage.onShoppingcartPage.clickToTheContinueButton(); // 4 The user on  LoginCheckout page and goes to the checkout page\n\n_loginCheckoutPage.onLoginCheckoutPage.clickToTheContinueToCheckoutBtn(); // 5 The user on the Checkout page add his data\n\n_checkoutPage.onCheckoutPage.addUserValidData(); // 6 The user adds credit card data\n\n_paymentMethodPage.onPaymentMethodPage.userAddCreditCardCredentials(); // // 8 The user on the confirmorder page and clicks, on the But Button\n// onCofirmOrderPage.userClicksOnTheBuyButton()",
              "err": {},
              "uuid": "c7c79667-2747-4556-9be3-4cfb9ed08fef",
              "parentUUID": "8784b9e7-cc90-4ed9-bb9c-aea33a14e98b",
              "isHook": false,
              "skipped": false
            }
          ],
          "suites": [],
          "passes": [
            "c7c79667-2747-4556-9be3-4cfb9ed08fef"
          ],
          "failures": [],
          "pending": [],
          "skipped": [],
          "duration": 59551,
          "root": false,
          "rootEmpty": false,
          "_timeout": 2000
        }
      ],
      "passes": [],
      "failures": [],
      "pending": [],
      "skipped": [],
      "duration": 0,
      "root": true,
      "rootEmpty": true,
      "_timeout": 2000
    }
  ],
  "meta": {
    "mocha": {
      "version": "7.0.1"
    },
    "mochawesome": {
      "options": {
        "quiet": false,
        "reportFilename": "[status]_[datetime]-[name]-report",
        "saveHtml": false,
        "saveJson": true,
        "consoleReporter": "spec",
        "useInlineDiffs": false,
        "code": true
      },
      "version": "7.1.3"
    },
    "marge": {
      "options": {
        "charts": true,
        "overwrite": false,
        "html": false,
        "json": true,
        "reportDir": "cypress/report",
        "reportPageTitle": "Mf automation Report",
        "reportFilename": "[status]_[datetime]-[name]-report"
      },
      "version": "6.2.0"
    }
  }
}